::1 - - [02/Feb/2019:21:32:36 +0000] "GET / HTTP/1.1" 304 -
::1 - - [02/Feb/2019:21:32:36 +0000] "GET /css/style.css HTTP/1.1" 200 111
::1 - - [02/Feb/2019:21:32:46 +0000] "GET /news HTTP/1.1" 200 2
::1 - - [02/Feb/2019:21:33:16 +0000] "GET /articles HTTP/1.1" 404 2138
::1 - - [02/Feb/2019:21:33:16 +0000] "GET /css/style.css HTTP/1.1" 304 -
::1 - - [02/Feb/2019:21:34:50 +0000] "GET /user HTTP/1.1" 404 2138
::1 - - [02/Feb/2019:21:34:50 +0000] "GET /css/style.css HTTP/1.1" 304 -
::1 - - [02/Feb/2019:21:34:54 +0000] "GET /users HTTP/1.1" 404 2126
::1 - - [02/Feb/2019:21:34:54 +0000] "GET /css/style.css HTTP/1.1" 304 -
::1 - - [02/Feb/2019:21:39:18 +0000] "GET /register HTTP/1.1" 404 2138
::1 - - [02/Feb/2019:21:39:18 +0000] "GET /css/style.css HTTP/1.1" 304 -
::1 - - [02/Feb/2019:21:40:06 +0000] "GET /users/register HTTP/1.1" 500 1960
::1 - - [02/Feb/2019:21:40:06 +0000] "GET /css/style.css HTTP/1.1" 304 -
::1 - - [02/Feb/2019:21:41:06 +0000] "GET /users/register HTTP/1.1" 200 410
::1 - - [02/Feb/2019:21:41:17 +0000] "POST /users/register HTTP/1.1" 200 15
::1 - - [02/Feb/2019:21:41:26 +0000] "GET /users/login HTTP/1.1" 200 405
::1 - - [02/Feb/2019:21:41:35 +0000] "POST /users/login HTTP/1.1" 302 62
::1 - - [02/Feb/2019:21:41:35 +0000] "GET /articles HTTP/1.1" 404 2138
::1 - - [02/Feb/2019:21:41:35 +0000] "GET /css/style.css HTTP/1.1" 304 -
::1 - - [02/Feb/2019:21:41:42 +0000] "GET /news HTTP/1.1" 304 -
::1 - - [02/Feb/2019:21:44:27 +0000] "GET /news HTTP/1.1" 304 -
::1 - - [02/Feb/2019:21:44:33 +0000] "GET /users/register HTTP/1.1" 200 410
::1 - - [02/Feb/2019:21:44:41 +0000] "POST /users/register HTTP/1.1" 200 15
::1 - - [02/Feb/2019:21:44:48 +0000] "GET /users/login HTTP/1.1" 200 405
::1 - - [02/Feb/2019:21:44:50 +0000] "POST /users/login HTTP/1.1" 302 62
::1 - - [02/Feb/2019:21:44:50 +0000] "GET /articles HTTP/1.1" 404 2138
::1 - - [02/Feb/2019:21:44:50 +0000] "GET /css/style.css HTTP/1.1" 304 -
::1 - - [02/Feb/2019:21:45:09 +0000] "GET /users/login HTTP/1.1" 200 405
::1 - - [02/Feb/2019:21:45:12 +0000] "POST /users/login HTTP/1.1" 302 54
::1 - - [02/Feb/2019:21:45:12 +0000] "GET /news HTTP/1.1" 304 -
::1 - - [02/Feb/2019:21:48:25 +0000] "GET / HTTP/1.1" 304 -
::1 - - [02/Feb/2019:21:48:25 +0000] "GET /css/style.css HTTP/1.1" 304 -
::1 - - [02/Feb/2019:21:48:32 +0000] "GET /users/login HTTP/1.1" 200 405
::1 - - [02/Feb/2019:21:48:33 +0000] "POST /users/login HTTP/1.1" 500 2314
::1 - - [02/Feb/2019:21:48:34 +0000] "GET /css/style.css HTTP/1.1" 304 -
::1 - - [02/Feb/2019:21:55:01 +0000] "GET /users/login HTTP/1.1" 304 -
::1 - - [02/Feb/2019:21:55:20 +0000] "POST /users/login HTTP/1.1" - -
::1 - - [02/Feb/2019:21:55:20 +0000] "GET /users/register HTTP/1.1" 200 410
::1 - - [02/Feb/2019:21:55:24 +0000] "GET /users/register HTTP/1.1" 304 -
::1 - - [02/Feb/2019:21:55:28 +0000] "POST /users/register HTTP/1.1" 200 15
::1 - - [02/Feb/2019:21:55:32 +0000] "GET /users/login HTTP/1.1" 304 -
::1 - - [02/Feb/2019:21:56:26 +0000] "POST /users/login HTTP/1.1" - -
::1 - - [02/Feb/2019:21:56:26 +0000] "GET /users/register HTTP/1.1" 200 410
::1 - - [02/Feb/2019:21:56:34 +0000] "POST /users/register HTTP/1.1" 200 15
::1 - - [02/Feb/2019:21:56:41 +0000] "GET /users/login HTTP/1.1" 304 -
::1 - - [02/Feb/2019:21:57:48 +0000] "GET /users/register HTTP/1.1" 200 410
::1 - - [02/Feb/2019:21:57:50 +0000] "POST /users/register HTTP/1.1" 200 15
::1 - - [02/Feb/2019:21:57:53 +0000] "GET /users/login HTTP/1.1" 304 -
::1 - - [02/Feb/2019:21:57:56 +0000] "POST /users/login HTTP/1.1" 302 54
::1 - - [02/Feb/2019:21:57:56 +0000] "GET /news HTTP/1.1" 304 -
